<?xml version="1.0" encoding="UTF-8"?>
<testng-results skipped="0" failed="0" ignored="0" total="1" passed="1">
  <reporter-output>
  </reporter-output>
  <suite name="Default suite" duration-ms="19968" started-at="2019-09-10T18:13:24Z" finished-at="2019-09-10T18:13:44Z">
    <groups>
    </groups>
    <test name="Default test" duration-ms="19968" started-at="2019-09-10T18:13:24Z" finished-at="2019-09-10T18:13:44Z">
      <class name="com.zoom.qa.testcases.CarBookingUsingChrome">
        <test-method status="PASS" signature="setup()[pri:0, instance:com.zoom.qa.testcases.CarBookingUsingChrome@1c62251]" name="setup" is-config="true" duration-ms="7883" started-at="2019-09-10T18:13:24Z" finished-at="2019-09-10T18:13:32Z">
          <reporter-output>
          </reporter-output>
        </test-method> <!-- setup -->
        <test-method status="PASS" signature="verifyBalenoCarIsDisplayed()[pri:1, instance:com.zoom.qa.testcases.CarBookingUsingChrome@1c62251]" name="verifyBalenoCarIsDisplayed" duration-ms="11089" started-at="2019-09-10T18:13:32Z" finished-at="2019-09-10T18:13:43Z">
          <reporter-output>
          </reporter-output>
        </test-method> <!-- verifyBalenoCarIsDisplayed -->
        <test-method status="PASS" signature="cleanUp()[pri:0, instance:com.zoom.qa.testcases.CarBookingUsingChrome@1c62251]" name="cleanUp" is-config="true" duration-ms="978" started-at="2019-09-10T18:13:43Z" finished-at="2019-09-10T18:13:44Z">
          <reporter-output>
          </reporter-output>
        </test-method> <!-- cleanUp -->
      </class> <!-- com.zoom.qa.testcases.CarBookingUsingChrome -->
    </test> <!-- Default test -->
  </suite> <!-- Default suite -->
</testng-results>
